<?xml version="1.0" encoding="UTF-8"?>
<testsuite xmlns:xsi="http://www.w3.org/2001/XMLSchema-instance" xsi:noNamespaceSchemaLocation="https://maven.apache.org/surefire/maven-surefire-plugin/xsd/surefire-test-report.xsd" name="com.shuai.Jsp008ApplicationTests" time="2.314" tests="1" errors="0" skipped="0" failures="0">
  <properties>
    <property name="sun.desktop" value="windows"/>
    <property name="awt.toolkit" value="sun.awt.windows.WToolkit"/>
    <property name="java.specification.version" value="11"/>
    <property name="sun.cpu.isalist" value="amd64"/>
    <property name="sun.jnu.encoding" value="GBK"/>
    <property name="java.class.path" value="E:\Desktop\桌面文件\StudyProgram\JAVA\spring-boot\spring-boot-prj\spring-boot-war-008\target\test-classes;E:\Desktop\桌面文件\StudyProgram\JAVA\spring-boot\spring-boot-prj\spring-boot-war-008\target\classes;E:\Programs\Maven\repository\org\apache\tomcat\embed\tomcat-embed-jasper\9.0.65\tomcat-embed-jasper-9.0.65.jar;E:\Programs\Maven\repository\org\apache\tomcat\embed\tomcat-embed-core\9.0.65\tomcat-embed-core-9.0.65.jar;E:\Programs\Maven\repository\org\apache\tomcat\tomcat-annotations-api\9.0.65\tomcat-annotations-api-9.0.65.jar;E:\Programs\Maven\repository\org\apache\tomcat\embed\tomcat-embed-el\9.0.65\tomcat-embed-el-9.0.65.jar;E:\Programs\Maven\repository\org\eclipse\jdt\ecj\3.18.0\ecj-3.18.0.jar;E:\Programs\Maven\repository\org\springframework\boot\spring-boot-starter-web\2.7.4\spring-boot-starter-web-2.7.4.jar;E:\Programs\Maven\repository\org\springframework\boot\spring-boot-starter\2.7.4\spring-boot-starter-2.7.4.jar;E:\Programs\Maven\repository\org\springframework\boot\spring-boot\2.7.4\spring-boot-2.7.4.jar;E:\Programs\Maven\repository\org\springframework\boot\spring-boot-autoconfigure\2.7.4\spring-boot-autoconfigure-2.7.4.jar;E:\Programs\Maven\repository\org\springframework\boot\spring-boot-starter-logging\2.7.4\spring-boot-starter-logging-2.7.4.jar;E:\Programs\Maven\repository\ch\qos\logback\logback-classic\1.2.11\logback-classic-1.2.11.jar;E:\Programs\Maven\repository\ch\qos\logback\logback-core\1.2.11\logback-core-1.2.11.jar;E:\Programs\Maven\repository\org\apache\logging\log4j\log4j-to-slf4j\2.17.2\log4j-to-slf4j-2.17.2.jar;E:\Programs\Maven\repository\org\apache\logging\log4j\log4j-api\2.17.2\log4j-api-2.17.2.jar;E:\Programs\Maven\repository\org\slf4j\jul-to-slf4j\1.7.36\jul-to-slf4j-1.7.36.jar;E:\Programs\Maven\repository\org\yaml\snakeyaml\1.30\snakeyaml-1.30.jar;E:\Programs\Maven\repository\org\springframework\boot\spring-boot-starter-json\2.7.4\spring-boot-starter-json-2.7.4.jar;E:\Programs\Maven\repository\com\fasterxml\jackson\core\jackson-databind\2.13.4\jackson-databind-2.13.4.jar;E:\Programs\Maven\repository\com\fasterxml\jackson\core\jackson-annotations\2.13.4\jackson-annotations-2.13.4.jar;E:\Programs\Maven\repository\com\fasterxml\jackson\core\jackson-core\2.13.4\jackson-core-2.13.4.jar;E:\Programs\Maven\repository\com\fasterxml\jackson\datatype\jackson-datatype-jdk8\2.13.4\jackson-datatype-jdk8-2.13.4.jar;E:\Programs\Maven\repository\com\fasterxml\jackson\datatype\jackson-datatype-jsr310\2.13.4\jackson-datatype-jsr310-2.13.4.jar;E:\Programs\Maven\repository\com\fasterxml\jackson\module\jackson-module-parameter-names\2.13.4\jackson-module-parameter-names-2.13.4.jar;E:\Programs\Maven\repository\org\springframework\spring-web\5.3.23\spring-web-5.3.23.jar;E:\Programs\Maven\repository\org\springframework\spring-beans\5.3.23\spring-beans-5.3.23.jar;E:\Programs\Maven\repository\org\springframework\spring-webmvc\5.3.23\spring-webmvc-5.3.23.jar;E:\Programs\Maven\repository\org\springframework\spring-aop\5.3.23\spring-aop-5.3.23.jar;E:\Programs\Maven\repository\org\springframework\spring-context\5.3.23\spring-context-5.3.23.jar;E:\Programs\Maven\repository\org\springframework\spring-expression\5.3.23\spring-expression-5.3.23.jar;E:\Programs\Maven\repository\org\springframework\boot\spring-boot-starter-tomcat\2.7.4\spring-boot-starter-tomcat-2.7.4.jar;E:\Programs\Maven\repository\jakarta\annotation\jakarta.annotation-api\1.3.5\jakarta.annotation-api-1.3.5.jar;E:\Programs\Maven\repository\org\apache\tomcat\embed\tomcat-embed-websocket\9.0.65\tomcat-embed-websocket-9.0.65.jar;E:\Programs\Maven\repository\org\springframework\boot\spring-boot-starter-test\2.7.4\spring-boot-starter-test-2.7.4.jar;E:\Programs\Maven\repository\org\springframework\boot\spring-boot-test\2.7.4\spring-boot-test-2.7.4.jar;E:\Programs\Maven\repository\org\springframework\boot\spring-boot-test-autoconfigure\2.7.4\spring-boot-test-autoconfigure-2.7.4.jar;E:\Programs\Maven\repository\com\jayway\jsonpath\json-path\2.7.0\json-path-2.7.0.jar;E:\Programs\Maven\repository\net\minidev\json-smart\2.4.8\json-smart-2.4.8.jar;E:\Programs\Maven\repository\net\minidev\accessors-smart\2.4.8\accessors-smart-2.4.8.jar;E:\Programs\Maven\repository\org\ow2\asm\asm\9.1\asm-9.1.jar;E:\Programs\Maven\repository\org\slf4j\slf4j-api\1.7.36\slf4j-api-1.7.36.jar;E:\Programs\Maven\repository\jakarta\xml\bind\jakarta.xml.bind-api\2.3.3\jakarta.xml.bind-api-2.3.3.jar;E:\Programs\Maven\repository\jakarta\activation\jakarta.activation-api\1.2.2\jakarta.activation-api-1.2.2.jar;E:\Programs\Maven\repository\org\assertj\assertj-core\3.22.0\assertj-core-3.22.0.jar;E:\Programs\Maven\repository\org\hamcrest\hamcrest\2.2\hamcrest-2.2.jar;E:\Programs\Maven\repository\org\junit\jupiter\junit-jupiter\5.8.2\junit-jupiter-5.8.2.jar;E:\Programs\Maven\repository\org\junit\jupiter\junit-jupiter-api\5.8.2\junit-jupiter-api-5.8.2.jar;E:\Programs\Maven\repository\org\opentest4j\opentest4j\1.2.0\opentest4j-1.2.0.jar;E:\Programs\Maven\repository\org\junit\platform\junit-platform-commons\1.8.2\junit-platform-commons-1.8.2.jar;E:\Programs\Maven\repository\org\apiguardian\apiguardian-api\1.1.2\apiguardian-api-1.1.2.jar;E:\Programs\Maven\repository\org\junit\jupiter\junit-jupiter-params\5.8.2\junit-jupiter-params-5.8.2.jar;E:\Programs\Maven\repository\org\junit\jupiter\junit-jupiter-engine\5.8.2\junit-jupiter-engine-5.8.2.jar;E:\Programs\Maven\repository\org\junit\platform\junit-platform-engine\1.8.2\junit-platform-engine-1.8.2.jar;E:\Programs\Maven\repository\org\mockito\mockito-core\4.5.1\mockito-core-4.5.1.jar;E:\Programs\Maven\repository\net\bytebuddy\byte-buddy\1.12.17\byte-buddy-1.12.17.jar;E:\Programs\Maven\repository\net\bytebuddy\byte-buddy-agent\1.12.17\byte-buddy-agent-1.12.17.jar;E:\Programs\Maven\repository\org\objenesis\objenesis\3.2\objenesis-3.2.jar;E:\Programs\Maven\repository\org\mockito\mockito-junit-jupiter\4.5.1\mockito-junit-jupiter-4.5.1.jar;E:\Programs\Maven\repository\org\skyscreamer\jsonassert\1.5.1\jsonassert-1.5.1.jar;E:\Programs\Maven\repository\com\vaadin\external\google\android-json\0.0.20131108.vaadin1\android-json-0.0.20131108.vaadin1.jar;E:\Programs\Maven\repository\org\springframework\spring-core\5.3.23\spring-core-5.3.23.jar;E:\Programs\Maven\repository\org\springframework\spring-jcl\5.3.23\spring-jcl-5.3.23.jar;E:\Programs\Maven\repository\org\springframework\spring-test\5.3.23\spring-test-5.3.23.jar;E:\Programs\Maven\repository\org\xmlunit\xmlunit-core\2.9.0\xmlunit-core-2.9.0.jar;"/>
    <property name="java.vm.vendor" value="Oracle Corporation"/>
    <property name="sun.arch.data.model" value="64"/>
    <property name="user.variant" value=""/>
    <property name="java.vendor.url" value="https://openjdk.java.net/"/>
    <property name="user.timezone" value="Asia/Shanghai"/>
    <property name="java.vm.specification.version" value="11"/>
    <property name="os.name" value="Windows 11"/>
    <property name="sun.java.launcher" value="SUN_STANDARD"/>
    <property name="user.country" value="CN"/>
    <property name="sun.boot.library.path" value="E:\Programs\Java\jdk-11.0.16\bin"/>
    <property name="sun.java.command" value="C:\Users\小帅\AppData\Local\Temp\surefire16288111369963678729\surefirebooter5681035874368013635.jar C:\Users\小帅\AppData\Local\Temp\surefire16288111369963678729 2022-10-25T17-02-10_348-jvmRun1 surefire6130787788163424682tmp surefire_016911545039342333583tmp"/>
    <property name="jdk.debug" value="release"/>
    <property name="surefire.test.class.path" value="E:\Desktop\桌面文件\StudyProgram\JAVA\spring-boot\spring-boot-prj\spring-boot-war-008\target\test-classes;E:\Desktop\桌面文件\StudyProgram\JAVA\spring-boot\spring-boot-prj\spring-boot-war-008\target\classes;E:\Programs\Maven\repository\org\apache\tomcat\embed\tomcat-embed-jasper\9.0.65\tomcat-embed-jasper-9.0.65.jar;E:\Programs\Maven\repository\org\apache\tomcat\embed\tomcat-embed-core\9.0.65\tomcat-embed-core-9.0.65.jar;E:\Programs\Maven\repository\org\apache\tomcat\tomcat-annotations-api\9.0.65\tomcat-annotations-api-9.0.65.jar;E:\Programs\Maven\repository\org\apache\tomcat\embed\tomcat-embed-el\9.0.65\tomcat-embed-el-9.0.65.jar;E:\Programs\Maven\repository\org\eclipse\jdt\ecj\3.18.0\ecj-3.18.0.jar;E:\Programs\Maven\repository\org\springframework\boot\spring-boot-starter-web\2.7.4\spring-boot-starter-web-2.7.4.jar;E:\Programs\Maven\repository\org\springframework\boot\spring-boot-starter\2.7.4\spring-boot-starter-2.7.4.jar;E:\Programs\Maven\repository\org\springframework\boot\spring-boot\2.7.4\spring-boot-2.7.4.jar;E:\Programs\Maven\repository\org\springframework\boot\spring-boot-autoconfigure\2.7.4\spring-boot-autoconfigure-2.7.4.jar;E:\Programs\Maven\repository\org\springframework\boot\spring-boot-starter-logging\2.7.4\spring-boot-starter-logging-2.7.4.jar;E:\Programs\Maven\repository\ch\qos\logback\logback-classic\1.2.11\logback-classic-1.2.11.jar;E:\Programs\Maven\repository\ch\qos\logback\logback-core\1.2.11\logback-core-1.2.11.jar;E:\Programs\Maven\repository\org\apache\logging\log4j\log4j-to-slf4j\2.17.2\log4j-to-slf4j-2.17.2.jar;E:\Programs\Maven\repository\org\apache\logging\log4j\log4j-api\2.17.2\log4j-api-2.17.2.jar;E:\Programs\Maven\repository\org\slf4j\jul-to-slf4j\1.7.36\jul-to-slf4j-1.7.36.jar;E:\Programs\Maven\repository\org\yaml\snakeyaml\1.30\snakeyaml-1.30.jar;E:\Programs\Maven\repository\org\springframework\boot\spring-boot-starter-json\2.7.4\spring-boot-starter-json-2.7.4.jar;E:\Programs\Maven\repository\com\fasterxml\jackson\core\jackson-databind\2.13.4\jackson-databind-2.13.4.jar;E:\Programs\Maven\repository\com\fasterxml\jackson\core\jackson-annotations\2.13.4\jackson-annotations-2.13.4.jar;E:\Programs\Maven\repository\com\fasterxml\jackson\core\jackson-core\2.13.4\jackson-core-2.13.4.jar;E:\Programs\Maven\repository\com\fasterxml\jackson\datatype\jackson-datatype-jdk8\2.13.4\jackson-datatype-jdk8-2.13.4.jar;E:\Programs\Maven\repository\com\fasterxml\jackson\datatype\jackson-datatype-jsr310\2.13.4\jackson-datatype-jsr310-2.13.4.jar;E:\Programs\Maven\repository\com\fasterxml\jackson\module\jackson-module-parameter-names\2.13.4\jackson-module-parameter-names-2.13.4.jar;E:\Programs\Maven\repository\org\springframework\spring-web\5.3.23\spring-web-5.3.23.jar;E:\Programs\Maven\repository\org\springframework\spring-beans\5.3.23\spring-beans-5.3.23.jar;E:\Programs\Maven\repository\org\springframework\spring-webmvc\5.3.23\spring-webmvc-5.3.23.jar;E:\Programs\Maven\repository\org\springframework\spring-aop\5.3.23\spring-aop-5.3.23.jar;E:\Programs\Maven\repository\org\springframework\spring-context\5.3.23\spring-context-5.3.23.jar;E:\Programs\Maven\repository\org\springframework\spring-expression\5.3.23\spring-expression-5.3.23.jar;E:\Programs\Maven\repository\org\springframework\boot\spring-boot-starter-tomcat\2.7.4\spring-boot-starter-tomcat-2.7.4.jar;E:\Programs\Maven\repository\jakarta\annotation\jakarta.annotation-api\1.3.5\jakarta.annotation-api-1.3.5.jar;E:\Programs\Maven\repository\org\apache\tomcat\embed\tomcat-embed-websocket\9.0.65\tomcat-embed-websocket-9.0.65.jar;E:\Programs\Maven\repository\org\springframework\boot\spring-boot-starter-test\2.7.4\spring-boot-starter-test-2.7.4.jar;E:\Programs\Maven\repository\org\springframework\boot\spring-boot-test\2.7.4\spring-boot-test-2.7.4.jar;E:\Programs\Maven\repository\org\springframework\boot\spring-boot-test-autoconfigure\2.7.4\spring-boot-test-autoconfigure-2.7.4.jar;E:\Programs\Maven\repository\com\jayway\jsonpath\json-path\2.7.0\json-path-2.7.0.jar;E:\Programs\Maven\repository\net\minidev\json-smart\2.4.8\json-smart-2.4.8.jar;E:\Programs\Maven\repository\net\minidev\accessors-smart\2.4.8\accessors-smart-2.4.8.jar;E:\Programs\Maven\repository\org\ow2\asm\asm\9.1\asm-9.1.jar;E:\Programs\Maven\repository\org\slf4j\slf4j-api\1.7.36\slf4j-api-1.7.36.jar;E:\Programs\Maven\repository\jakarta\xml\bind\jakarta.xml.bind-api\2.3.3\jakarta.xml.bind-api-2.3.3.jar;E:\Programs\Maven\repository\jakarta\activation\jakarta.activation-api\1.2.2\jakarta.activation-api-1.2.2.jar;E:\Programs\Maven\repository\org\assertj\assertj-core\3.22.0\assertj-core-3.22.0.jar;E:\Programs\Maven\repository\org\hamcrest\hamcrest\2.2\hamcrest-2.2.jar;E:\Programs\Maven\repository\org\junit\jupiter\junit-jupiter\5.8.2\junit-jupiter-5.8.2.jar;E:\Programs\Maven\repository\org\junit\jupiter\junit-jupiter-api\5.8.2\junit-jupiter-api-5.8.2.jar;E:\Programs\Maven\repository\org\opentest4j\opentest4j\1.2.0\opentest4j-1.2.0.jar;E:\Programs\Maven\repository\org\junit\platform\junit-platform-commons\1.8.2\junit-platform-commons-1.8.2.jar;E:\Programs\Maven\repository\org\apiguardian\apiguardian-api\1.1.2\apiguardian-api-1.1.2.jar;E:\Programs\Maven\repository\org\junit\jupiter\junit-jupiter-params\5.8.2\junit-jupiter-params-5.8.2.jar;E:\Programs\Maven\repository\org\junit\jupiter\junit-jupiter-engine\5.8.2\junit-jupiter-engine-5.8.2.jar;E:\Programs\Maven\repository\org\junit\platform\junit-platform-engine\1.8.2\junit-platform-engine-1.8.2.jar;E:\Programs\Maven\repository\org\mockito\mockito-core\4.5.1\mockito-core-4.5.1.jar;E:\Programs\Maven\repository\net\bytebuddy\byte-buddy\1.12.17\byte-buddy-1.12.17.jar;E:\Programs\Maven\repository\net\bytebuddy\byte-buddy-agent\1.12.17\byte-buddy-agent-1.12.17.jar;E:\Programs\Maven\repository\org\objenesis\objenesis\3.2\objenesis-3.2.jar;E:\Programs\Maven\repository\org\mockito\mockito-junit-jupiter\4.5.1\mockito-junit-jupiter-4.5.1.jar;E:\Programs\Maven\repository\org\skyscreamer\jsonassert\1.5.1\jsonassert-1.5.1.jar;E:\Programs\Maven\repository\com\vaadin\external\google\android-json\0.0.20131108.vaadin1\android-json-0.0.20131108.vaadin1.jar;E:\Programs\Maven\repository\org\springframework\spring-core\5.3.23\spring-core-5.3.23.jar;E:\Programs\Maven\repository\org\springframework\spring-jcl\5.3.23\spring-jcl-5.3.23.jar;E:\Programs\Maven\repository\org\springframework\spring-test\5.3.23\spring-test-5.3.23.jar;E:\Programs\Maven\repository\org\xmlunit\xmlunit-core\2.9.0\xmlunit-core-2.9.0.jar;"/>
    <property name="sun.cpu.endian" value="little"/>
    <property name="user.home" value="C:\Users\小帅"/>
    <property name="user.language" value="zh"/>
    <property name="java.specification.vendor" value="Oracle Corporation"/>
    <property name="java.version.date" value="2022-07-19"/>
    <property name="java.home" value="E:\Programs\Java\jdk-11.0.16"/>
    <property name="file.separator" value="\"/>
    <property name="basedir" value="E:\Desktop\桌面文件\StudyProgram\JAVA\spring-boot\spring-boot-prj\spring-boot-war-008"/>
    <property name="java.vm.compressedOopsMode" value="Zero based"/>
    <property name="line.separator" value="&#10;"/>
    <property name="java.specification.name" value="Java Platform API Specification"/>
    <property name="java.vm.specification.vendor" value="Oracle Corporation"/>
    <property name="java.awt.graphicsenv" value="sun.awt.Win32GraphicsEnvironment"/>
    <property name="surefire.real.class.path" value="C:\Users\小帅\AppData\Local\Temp\surefire16288111369963678729\surefirebooter5681035874368013635.jar"/>
    <property name="user.script" value=""/>
    <property name="sun.management.compiler" value="HotSpot 64-Bit Tiered Compilers"/>
    <property name="java.runtime.version" value="11.0.16+11-LTS-199"/>
    <property name="user.name" value="小帅"/>
    <property name="path.separator" value=";"/>
    <property name="os.version" value="10.0"/>
    <property name="java.runtime.name" value="Java(TM) SE Runtime Environment"/>
    <property name="file.encoding" value="GBK"/>
    <property name="java.vm.name" value="Java HotSpot(TM) 64-Bit Server VM"/>
    <property name="java.vendor.version" value="18.9"/>
    <property name="localRepository" value="E:\Programs\Maven\repository"/>
    <property name="java.vendor.url.bug" value="https://bugreport.java.com/bugreport/"/>
    <property name="java.io.tmpdir" value="C:\Users\小帅\AppData\Local\Temp\"/>
    <property name="idea.version" value="2022.2.3"/>
    <property name="java.version" value="11.0.16"/>
    <property name="user.dir" value="E:\Desktop\桌面文件\StudyProgram\JAVA\spring-boot\spring-boot-prj\spring-boot-war-008"/>
    <property name="os.arch" value="amd64"/>
    <property name="java.vm.specification.name" value="Java Virtual Machine Specification"/>
    <property name="java.awt.printerjob" value="sun.awt.windows.WPrinterJob"/>
    <property name="sun.os.patch.level" value=""/>
    <property name="java.library.path" value="E:\Programs\Java\jdk-11.0.16\bin;C:\WINDOWS\Sun\Java\bin;C:\WINDOWS\system32;C:\WINDOWS;E:\Programs\Java\jdk-11.0.16\bin;C:\Program Files\Common Files\Oracle\Java\javapath;C:\Program Files (x86)\Common Files\Oracle\Java\javapath;C:\WINDOWS\system32;C:\WINDOWS;C:\WINDOWS\System32\Wbem;C:\WINDOWS\System32\WindowsPowerShell\v1.0\;C:\Program Files\PowerShell\7\;C:\WINDOWS\System32\OpenSSH\;E:\Programs\微信web开发者工具\dll;E:\Programs\flutter\bin;E:\湖北得一集团\U盘\adb;E:\Programs\NodeJs\node-v16.15.0-win-x64;E:\Programs\NodeJs\node-v16.15.0-win-x64\node_global;ram Files\dotnet\;E:\Programs\Git_2.37.1\cmd;E:\Programs\Maven\apache-maven-3.6.3\bin;E:\Programs\TortoiseGit\bin;E:\Programs\Tomcat\apache-tomcat-9.0.68\bin;C:\Users\小帅\AppData\Local\Microsoft\WindowsApps;E:\Programs\Microsoft VS Code\bin;E:\Programs\Mysql-5.7.26\bin;E:\Programs\JetBrains\IntelliJ IDEA 2022.1.3\bin;;E:\Programs\jetbrains\WebStorm 2022.2\bin;;;."/>
    <property name="java.vendor" value="Oracle Corporation"/>
    <property name="java.vm.info" value="mixed mode"/>
    <property name="java.vm.version" value="11.0.16+11-LTS-199"/>
    <property name="sun.io.unicode.encoding" value="UnicodeLittle"/>
    <property name="maven.repo.local" value="E:\Programs\Maven\repository"/>
    <property name="java.class.version" value="55.0"/>
  </properties>
  <testcase name="contextLoads" classname="com.shuai.Jsp008ApplicationTests" time="0.281"/>
</testsuite>